   1               		.file	"filters.c"
   2               	__SREG__ = 0x3f
   3               	__SP_H__ = 0x3e
   4               	__SP_L__ = 0x3d
   5               	__CCP__  = 0x34
   6               	__tmp_reg__ = 0
   7               	__zero_reg__ = 1
   8               		.global __do_copy_data
   9               		.global __do_clear_bss
  17               	.Ltext0:
  18               		.section	.text.filters_MasterInit,"ax",@progbits
  19               	.global	filters_MasterInit
  21               	filters_MasterInit:
  22               	.LFB2:
  23               	.LSM0:
  24               	/* prologue: function */
  25               	/* frame size = 0 */
  26               	.LSM1:
  27 0000 80E5      		ldi r24,lo8(80)
  28 0002 80BB      		out 48-32,r24
  29               	.LSM2:
  30 0004 80B3      		in r24,48-32
  31               	.LSM3:
  32 0006 80E4      		ldi r24,lo8(64)
  33 0008 8DB9      		out 45-32,r24
  34               	.LSM4:
  35 000a 80E8      		ldi r24,lo8(-128)
  36 000c 8AB9      		out 42-32,r24
  37               	.LSM5:
  38 000e 83E0      		ldi r24,lo8(3)
  39 0010 80BB      		out 48-32,r24
  40               	/* epilogue start */
  41               	.LSM6:
  42 0012 0895      		ret
  43               	.LFE2:
  69               	.Letext0:
DEFINED SYMBOLS
                            *ABS*:00000000 filters.c
     /tmp/cccSy9ag.s:2      *ABS*:0000003f __SREG__
     /tmp/cccSy9ag.s:3      *ABS*:0000003e __SP_H__
     /tmp/cccSy9ag.s:4      *ABS*:0000003d __SP_L__
     /tmp/cccSy9ag.s:5      *ABS*:00000034 __CCP__
     /tmp/cccSy9ag.s:6      *ABS*:00000000 __tmp_reg__
     /tmp/cccSy9ag.s:7      *ABS*:00000001 __zero_reg__
     /tmp/cccSy9ag.s:21     .text.filters_MasterInit:00000000 filters_MasterInit

UNDEFINED SYMBOLS
__do_copy_data
__do_clear_bss
